C51 COMPILER V7.50   KEY                                                                   04/04/2016 16:05:20 PAGE 1   


C51 COMPILER V7.50, COMPILATION OF MODULE KEY
OBJECT MODULE PLACED IN .\output\key.obj
COMPILER INVOKED BY: C:\Keil\C51\BIN\C51.EXE source\key.c LARGE BROWSE INCDIR(.\include\) DEBUG OBJECTEXTEND PRINT(.\lis
                    -ting\key.lst) OBJECT(.\output\key.obj)

line level    source

   1          #include <reg52.h>
   2          #include <intrins.h>
   3          #include <parameter.h>
   4          #include <key.h>
   5          #include <dispatch.h>
   6          #include <timer.h>
   7          
   8          
   9          void Key_Scan(void);
  10          
  11          unsigned char Key_Scan_Steps = 0;               //0：初始状态 如果有按键按下则进入1
  12                                                                                          //1：延迟10ms
  13                                                                                          //2：如果按键确实按下则进入3
  14                                                                                          //3：确定按键
  15                                                                                          //4：如果按键释放则进入0
  16          
  17          void Key_Scan(void)
  18          {
  19   1              testOut = ~testOut;
  20   1              /*
  21   1              switch(Key_Scan_Steps)
  22   1              {
  23   1                      case 0:
  24   1                              if(keyMotorForward == 0 || keyMotorBackward == 0)
  25   1                              {
  26   1                                      Key_Scan_Steps = 1;
  27   1                              }
  28   1                      break;
  29   1                      case 1:
  30   1                              if(keyMotorForward == 0 || keyMotorBackward == 0)
  31   1                              {
  32   1                                      Key_Scan_Steps = 2;
  33   1                              }
  34   1                              else
  35   1                              {
  36   1                                      Key_Scan_Steps = 0;
  37   1                              }
  38   1                      break;
  39   1                      case 2:
  40   1                              if(keyMotorForward == 0) //电机前进
  41   1                              {
  42   1                                      motorDirection = 1;
  43   1                                      pulseSettingNumCount = pulseSettingNum;
  44   1                                      currentPosition ++;
  45   1                                      timer_count = 50;
  46   1                              }
  47   1                              else if(keyMotorBackward == 0) //电机后退
  48   1                              {
  49   1                                      motorDirection = 0;
  50   1                                      pulseSettingNumCount = pulseSettingNum;
  51   1                                      currentPosition --;
  52   1                                      timer_count = 50;
  53   1                              }
  54   1                              refreshDisplay = 1;
C51 COMPILER V7.50   KEY                                                                   04/04/2016 16:05:20 PAGE 2   

  55   1                              Key_Scan_Steps = 3;
  56   1                      break;
  57   1                      case 3:
  58   1                              if(keyMotorBackward == 1 && keyMotorForward == 1)
  59   1                              {
  60   1                                      Key_Scan_Steps = 0;
  61   1                              }
  62   1                      break;
  63   1                      default:
  64   1                               _nop_();
  65   1              }
  66   1              */
  67   1      }


MODULE INFORMATION:   STATIC OVERLAYABLE
   CODE SIZE        =      3    ----
   CONSTANT SIZE    =   ----    ----
   XDATA SIZE       =      1    ----
   PDATA SIZE       =   ----    ----
   DATA SIZE        =   ----    ----
   IDATA SIZE       =   ----    ----
   BIT SIZE         =   ----    ----
END OF MODULE INFORMATION.


C51 COMPILATION COMPLETE.  0 WARNING(S),  0 ERROR(S)
