C51 COMPILER V7.50   MAIN                                                                  04/04/2016 17:08:24 PAGE 1   


C51 COMPILER V7.50, COMPILATION OF MODULE MAIN
OBJECT MODULE PLACED IN .\output\main.obj
COMPILER INVOKED BY: C:\Keil\C51\BIN\C51.EXE source\main.c LARGE BROWSE INCDIR(.\include\) DEBUG OBJECTEXTEND PRINT(.\li
                    -sting\main.lst) OBJECT(.\output\main.obj)

line level    source

   1          /***************************************************************************/
   2          // 程序：15型座垫机控制系统
   3          // 模块：主函数 
   4          // 文件：main.c
   5          // 作者：卜晓D
   6          // 版本：V0.01
   7          // 日期：2016年4月3日
   8          // 功能：主函数
   9          // 芯片：STC12C5A60S2
  10          // 编译：Keil uVision3 V3.90
  11          /***************************************************************************/
  12          
  13          #include <reg52.h>
  14          #include <basefunc.h>
  15          #include <parameter.h>
  16          #include <uart.h>
  17          #include <timer.h>
  18          #include <key.h>
  19          #include <dispatch.h>
  20          
  21          void getSensorStatus()
  22          {
  23   1              /*
  24   1              //初始位置传感器1
  25   1              if(sensorStartPosi1 == 0)
  26   1              {
  27   1                      motor1.isStartPosition = 1;
  28   1              }
  29   1              if(sensorStartPosi1 == 1)
  30   1              {
  31   1                      motor1.isStartPosition = 0;
  32   1              }
  33   1              //初始位置传感器2
  34   1              if(sensorStartPosi2 == 0)
  35   1              {
  36   1                      motor2.isStartPosition = 1;
  37   1              }
  38   1              if(sensorStartPosi2 == 1)
  39   1              {
  40   1                      motor2.isStartPosition = 0;
  41   1              }
  42   1              */
  43   1      }
  44          
  45          /***************************************************************************/
  46          // 主函数
  47          // 参数：无
  48          // 返回值：无   
  49          /***************************************************************************/
  50          void main()
  51          {
  52   1              delay_ms(500);
  53   1              parameter_init();
  54   1      
C51 COMPILER V7.50   MAIN                                                                  04/04/2016 17:08:24 PAGE 2   

  55   1      
  56   1              /*
  57   1      
  58   1              uart_init();
  59   1              timer_init();
  60   1              ChangeScreenPage(0x00);
  61   1              while(1)
  62   1              {
  63   1                      if(displayMode >= 2 && displayMode <= 7)
  64   1                      {
  65   1                               refreshDisplaySetting();
  66   1                               displayMode = 0;
  67   1                      }
  68   1                      if(saveSetting == 1) //保存设置值
  69   1                      {
  70   1                              ChangeScreenPage(0x04);
  71   1                              parameter_save();
  72   1                              ChangeScreenPage(0x02);
  73   1                              saveSetting = 0;
  74   1                      }
  75   1                      /*
  76   1                      delay_us(100);
  77   1                      //按键扫描
  78   1                      count10ms++;
  79   1                      if(count10ms > 29)
  80   1                      {
  81   1                              Key_Scan();
  82   1                              count10ms = 0;
  83   1                      }
  84   1                      //General the PWM
  85   1                      if(pulseSettingNumCount > 20)
  86   1                      {
  87   1                              timer_count --;
  88   1                      }
  89   1                      else
  90   1                      {
  91   1                              timer_count ++;
  92   1                      }
  93   1                      if(timer_count < 1)
  94   1                      {
  95   1                              timer_count = 1;        
  96   1                      }
  97   1                      else if(timer_count > 50)
  98   1                      {
  99   1                              timer_count = 50;
 100   1                      }
 101   1                      //Get the sensor status
 102   1                      getSensorStatus();
 103   1                      if(isStartPosition2 || isStartPosition1)
 104   1                      {
 105   1                              isStartPosition = 1;
 106   1                      }
 107   1                      else if(!isStartPosition2 && !isStartPosition1)
 108   1                      {
 109   1                              isStartPosition = 0;
 110   1                      }
 111   1                      //初始化过程中判断原点
 112   1                      if(initFlag == 1 && isStartPosition == 1)
 113   1                      {
 114   1                              pulseSettingNumCount = 4;
 115   1                              currentPosition = 1;
 116   1                              initFlag = 0;
C51 COMPILER V7.50   MAIN                                                                  04/04/2016 17:08:24 PAGE 3   

 117   1                      }
 118   1                      //Save setting to eeprom
 119   1                      if(saveSetting)
 120   1                      {
 121   1                              //计算电机旋转角
 122   1                              temp = (unsigned long)pulseSettingNum*motorStepAngle;
 123   1                              motorRotationAngle = temp/motorReducGearRatio;
 124   1                              //计算丝杆导程
 125   1                              temp = (unsigned long)pulseSettingNum*motorStepAngle;
 126   1                              temp =  (unsigned long)temp * screwPitch;
 127   1                              temp =  (unsigned long)temp / motorReducGearRatio;
 128   1                              ballScrew = temp/3600;
 129   1                              //保存设置
 130   1                              ChangeScreenPage(0x04);
 131   1                              parameter_save();
 132   1                              ChangeScreenPage(0x02);
 133   1                              saveSetting = 0;
 134   1                              refreshDisplay = 1;
 135   1                      }
 136   1                      //刷新显示      
 137   1                      if(refreshDisplay)
 138   1                      {
 139   1                              parameter_send_screen();
 140   1                              refreshDisplay = 0;
 141   1                      }
 142   1                      
 143   1              }   
 144   1              */
 145   1      }
 146          
 147          
 148          
 149          
 150          
 151          
 152          
 153          


MODULE INFORMATION:   STATIC OVERLAYABLE
   CODE SIZE        =     11    ----
   CONSTANT SIZE    =   ----    ----
   XDATA SIZE       =   ----    ----
   PDATA SIZE       =   ----    ----
   DATA SIZE        =   ----    ----
   IDATA SIZE       =   ----    ----
   BIT SIZE         =   ----    ----
END OF MODULE INFORMATION.


C51 COMPILATION COMPLETE.  0 WARNING(S),  0 ERROR(S)
